# JRE version: Java(TM) SE Runtime Environment (8.0_171-b11) (build 1.8.0_171-b11)
# Java VM: Java HotSpot(TM) 64-Bit Server VM (25.171-b11 mixed mode windows-amd64 compressed oops)
Heap:
 garbage-first heap   total 262144K, used 102488K [0x00000000c0000000, 0x00000000c0100800, 0x0000000100000000)
  region size 1024K, 2 young (2048K), 2 survivors (2048K)
 Metaspace       used 45892K, capacity 48248K, committed 48464K, reserved 1091584K
  class space    used 4896K, capacity 5630K, committed 5712K, reserved 1048576K
GC Heap History (10 events):
Event: 22.201 GC heap after
Heap after GC invocations=34 (full 0):
 garbage-first heap   total 131072K, used 98496K [0x00000000c0000000, 0x00000000c0100400, 0x0000000100000000)
  region size 1024K, 3 young (3072K), 3 survivors (3072K)
 Metaspace       used 45892K, capacity 48248K, committed 48464K, reserved 1091584K
  class space    used 4896K, capacity 5630K, committed 5712K, reserved 1048576K
}
Event: 22.351 GC heap before
{Heap before GC invocations=35 (full 0):
 garbage-first heap   total 131072K, used 113856K [0x00000000c0000000, 0x00000000c0100400, 0x0000000100000000)
  region size 1024K, 18 young (18432K), 3 survivors (3072K)
 Metaspace       used 45892K, capacity 48248K, committed 48464K, reserved 1091584K
  class space    used 4896K, capacity 5630K, committed 5712K, reserved 1048576K
Event: 22.359 GC heap after
Heap after GC invocations=36 (full 0):
 garbage-first heap   total 131072K, used 101815K [0x00000000c0000000, 0x00000000c0100400, 0x0000000100000000)
  region size 1024K, 3 young (3072K), 3 survivors (3072K)
 Metaspace       used 45892K, capacity 48248K, committed 48464K, reserved 1091584K
  class space    used 4896K, capacity 5630K, committed 5712K, reserved 1048576K
}
Event: 22.437 GC heap before
{Heap before GC invocations=36 (full 0):
 garbage-first heap   total 131072K, used 104887K [0x00000000c0000000, 0x00000000c0100400, 0x0000000100000000)
  region size 1024K, 6 young (6144K), 3 survivors (3072K)
 Metaspace       used 45892K, capacity 48248K, committed 48464K, reserved 1091584K
  class space    used 4896K, capacity 5630K, committed 5712K, reserved 1048576K
Event: 22.450 GC heap after
Heap after GC invocations=37 (full 0):
 garbage-first heap   total 131072K, used 95193K [0x00000000c0000000, 0x00000000c0100400, 0x0000000100000000)
  region size 1024K, 1 young (1024K), 1 survivors (1024K)
 Metaspace       used 45892K, capacity 48248K, committed 48464K, reserved 1091584K
  class space    used 4896K, capacity 5630K, committed 5712K, reserved 1048576K
}
Event: 22.532 GC heap before
{Heap before GC invocations=37 (full 0):
 garbage-first heap   total 131072K, used 113625K [0x00000000c0000000, 0x00000000c0100400, 0x0000000100000000)
  region size 1024K, 19 young (19456K), 1 survivors (1024K)
 Metaspace       used 45892K, capacity 48248K, committed 48464K, reserved 1091584K
  class space    used 4896K, capacity 5630K, committed 5712K, reserved 1048576K
Event: 22.543 GC heap after
Heap after GC invocations=38 (full 0):
 garbage-first heap   total 131072K, used 96662K [0x00000000c0000000, 0x00000000c0100400, 0x0000000100000000)
  region size 1024K, 3 young (3072K), 3 survivors (3072K)
 Metaspace       used 45892K, capacity 48248K, committed 48464K, reserved 1091584K
  class space    used 4896K, capacity 5630K, committed 5712K, reserved 1048576K
}
Event: 22.584 GC heap before
{Heap before GC invocations=38 (full 0):
 garbage-first heap   total 131072K, used 113046K [0x00000000c0000000, 0x00000000c0100400, 0x0000000100000000)
  region size 1024K, 19 young (19456K), 3 survivors (3072K)
 Metaspace       used 45892K, capacity 48248K, committed 48464K, reserved 1091584K
  class space    used 4896K, capacity 5630K, committed 5712K, reserved 1048576K
Event: 22.591 GC heap after
Heap after GC invocations=39 (full 0):
 garbage-first heap   total 131072K, used 99937K [0x00000000c0000000, 0x00000000c0100400, 0x0000000100000000)
  region size 1024K, 3 young (3072K), 3 survivors (3072K)
 Metaspace       used 45892K, capacity 48248K, committed 48464K, reserved 1091584K
  class space    used 4896K, capacity 5630K, committed 5712K, reserved 1048576K
}
Event: 22.689 GC heap before
{Heap before GC invocations=39 (full 0):
 garbage-first heap   total 131072K, used 113249K [0x00000000c0000000, 0x00000000c0100400, 0x0000000100000000)
  region size 1024K, 16 young (16384K), 3 survivors (3072K)
 Metaspace       used 45892K, capacity 48248K, committed 48464K, reserved 1091584K
  class space    used 4896K, capacity 5630K, committed 5712K, reserved 1048576K

